1620180768760	geckodriver	INFO	Listening on 127.0.0.1:12777
1620180775024	mozrunner::runner	INFO	Running command: "C:\\Program Files\\Mozilla Firefox\\firefox.exe" "--marionette" "-foreground" "-no-remote" "-profile" "C:\\Users\\Paul\\AppData\\Local\\Temp\\rust_mozprofileUhzGnN"
1620180778124	Marionette	INFO	Marionette enabled
console.warn: SearchSettings: "get: No settings file exists, new profile?" (new Error("", "(unknown module)"))
1620180781855	Marionette	INFO	Listening on port 12790
1620180781937	Marionette	WARN	TLS certificate errors will be ignored for this session
1620180796763	Marionette	INFO	Stopped listening on port 12790
1620182286908	geckodriver	INFO	Listening on 127.0.0.1:13242
1620182292986	mozrunner::runner	INFO	Running command: "C:\\Program Files\\Mozilla Firefox\\firefox.exe" "--marionette" "-foreground" "-no-remote" "-profile" "C:\\Users\\Paul\\AppData\\Local\\Temp\\rust_mozprofileX6CrJL"
1620182294376	Marionette	INFO	Marionette enabled
console.warn: SearchSettings: "get: No settings file exists, new profile?" (new Error("", "(unknown module)"))
1620182298462	Marionette	INFO	Listening on port 13253
1620182298982	Marionette	WARN	TLS certificate errors will be ignored for this session
console.warn: LoginRecipes: "getRecipes: falling back to a synchronous message for:" "https://www.baidu.com"
JavaScript warning: http://s4.img4399.com/cg/resource/js/api/gprp.js?2013, line 246: unreachable code after return statement
JavaScript error: http://bdimg.share.baidu.com/static/api/js/trans/logger.js?v=60603cb3.js, line 1: TypeError: n.ajax.request is not a function
[Parent 9632, IPC I/O Parent] WARNING: file /builds/worker/checkouts/gecko/ipc/chromium/src/base/process_util_win.cc:167
JavaScript error: , line 0: NS_ERROR_NOT_AVAILABLE
JavaScript error: , line 0: NS_ERROR_NOT_AVAILABLE
console.error: "Error while calling actor 'pagestyle's method 'getApplied'" "node is null"
console.error: (new TypeError("node is null", "resource://devtools/server/actors/page-style.js", 571))
JavaScript warning: , line 0: WebGL warning: linkProgram: Must have a compiled vertex shader attached.
JavaScript warning: , line 0: WebGL warning: useProgram: Program must be linked successfully.
JavaScript warning: , line 0: WebGL warning: vertexAttribI?Pointer: `index` (4294967295) must be < MAX_VERTEX_ATTRIBS.
JavaScript warning: , line 0: WebGL warning: uniform setter: No active linked Program.
JavaScript warning: , line 0: WebGL warning: drawArraysInstanced: The current program is not linked.
JavaScript error: http://bdimg.share.baidu.com/static/api/js/trans/logger.js?v=60603cb3.js, line 1: TypeError: n.ajax.request is not a function
Handler function threw an exception: TypeError: topFrame.browsingContext is null
Stack: matchRequest@resource://devtools/server/actors/network-monitor/network-observer.js:130:9
_onRequestHeader@resource://devtools/server/actors/network-monitor/network-observer.js:959:10
NetworkObserver.prototype.observeActivity<@resource://devtools/server/actors/network-monitor/network-observer.js:710:12
exports.makeInfallible/<@resource://devtools/shared/ThreadSafeDevToolsUtils.js:103:22
Line: 130, column: 9
console.error: (new TypeError("topFrame.browsingContext is null", "resource://devtools/server/actors/network-monitor/network-observer.js", 130))
1620478927030	Marionette	INFO	Stopped listening on port 13253

###!!! [Child][RunMessage] Error: Channel closing: too late to send/recv, messages will be lost

1620525137920	geckodriver	INFO	Listening on 127.0.0.1:2336
1620525144011	mozrunner::runner	INFO	Running command: "C:\\Program Files\\Mozilla Firefox\\firefox.exe" "--marionette" "-foreground" "-no-remote" "-profile" "C:\\Users\\Paul\\AppData\\Local\\Temp\\rust_mozprofilea4BBrG"
1620525236324	geckodriver	INFO	Listening on 127.0.0.1:2427
1620525242401	mozrunner::runner	INFO	Running command: "C:\\Program Files\\Mozilla Firefox\\firefox.exe" "--marionette" "-foreground" "-no-remote" "-profile" "C:\\Users\\Paul\\AppData\\Local\\Temp\\rust_mozprofileW8cekP"
1620525243674	Marionette	INFO	Marionette enabled
console.warn: SearchSettings: "get: No settings file exists, new profile?" (new Error("", "(unknown module)"))
1620525247632	Marionette	INFO	Listening on port 2438
1620525247819	Marionette	WARN	TLS certificate errors will be ignored for this session
1620525446831	Marionette	INFO	Stopped listening on port 2438

###!!! [Child][RunMessage] Error: Channel closing: too late to send/recv, messages will be lost

"--marionette" "-foreground" "-no-remote" "-profile" "C:\\Users\\Paul\\AppData\\Local\\Temp\\rust_mozprofileSsEiX9"
1620525349625	Marionette	INFO	Marionette enabled
console.warn: SearchSettings: "get: No settings file exists, new profile?" (new Error("", "(unknown module)"))
1620525353508	Marionette	INFO	Listening on port 2557
1620525354087	Marionette	WARN	TLS certificate errors will be ignored for this session
1620525368362	Marionette	WARN	Ignoring event 'pageshow' because document has an invalid readyState of 'interactive'.
1620525421134	Marionette	INFO	Stopped listening on port 2557

###!!! [Child][RunMessage] Error: Channel closing: too late to send/recv, messages will be lost

1620525424294	geckodriver	INFO	Listening on 127.0.0.1:2644
1620525430420	mozrunner::runner	INFO	Running command: "C:\\Program Files\\Mozilla Firefox\\firefox.exe" "--marionette" "-foreground" "-no-remote" "-profile" "C:\\Users\\Paul\\AppData\\Local\\Temp\\rust_mozprofileGutbLJ"
1620525431891	Marionette	INFO	Marionette enabled
console.warn: SearchSettings: "get: No settings file exists, new profile?" (new Error("", "(unknown module)"))
1620525435191	Marionette	INFO	Listening on port 2655
1620525435727	Marionette	WARN	TLS certificate errors will be ignored for this session
1620525442845	Marionette	INFO	Stopped listening on port 2655

###!!! [Child][RunMessage] Error: Channel closing: too late to send/recv, messages will be lost

1620525450633	geckodriver	INFO	Listening on 127.0.0.1:2765
1620525456709	mozrunner::runner	INFO	Running command: "C:\\Program Files\\Mozilla Firefox\\firefox.exe" "--marionette" "-foreground" "-no-remote" "-profile" "C:\\Users\\Paul\\AppData\\Local\\Temp\\rust_mozprofiler35vJs"
1620525457957	Marionette	INFO	Marionette enabled
console.warn: SearchSettings: "get: No settings file exists, new profile?" (new Error("", "(unknown module)"))
1620525461863	Marionette	INFO	Listening on port 2776
1620525462084	Marionette	WARN	TLS certificate errors will be ignored for this session
console.warn: SearchTelemetry: "Expected to report URI for" "https://www.baidu.com/s?ie=utf-8&f=8&rsv_bp=1&rsv_idx=1&tn=baidu&wd=%E5%93%88%E7%BD%97&fenlei=256&rsv_pq=8dc7058e00398b22&rsv_t=8cedZUA1QUj%2FpDZ4GSjEJM2SAQ76S8t3pesEbyDijgy539JkDj6KfLfzKhU&rqlang=cn&rsv_enter=0&rsv_dl=tb&rsv_sug3=2&rsv_sug1=1&rsv_sug7=100&rsv_btype=i&inputT=271&rsv_sug4=271" "with ads but couldn't find the information"
console.warn: services.settings: main/whats-new-panel sync interrupted by shutdown
1620525469828	Marionette	INFO	Stopped listening on port 2776
